<?xml version="1.0" encoding="UTF-8"?>
<!-- Generated by org.testng.reporters.JUnitReportReporter -->
<testsuite hostname="SONALI-DESKTOP" name="com.aircanada.testCases.SearchFlightTest" tests="1" failures="0" timestamp="10 Mar 2022 02:21:14 GMT" time="47.152" errors="0">
  <testcase name="book_flight_roundTrip" time="47.152" classname="com.aircanada.testCases.SearchFlightTest"/>
</testsuite> <!-- com.aircanada.testCases.SearchFlightTest -->
